<?xml version="1.0" encoding="UTF-8"?>
<!-- Generated by org.testng.reporters.JUnitXMLReporter -->
<testsuite hostname="DESKTOP-DMFGA72" ignored="0" name="Default test(failed)" tests="1" failures="0" timestamp="2022-04-08T19:07:12 CDT" time="0.034" errors="0">
  <testcase name="@BeforeMethod init" time="0.001" classname="VariousConcepts.CrmTest">
    <failure type="java.lang.NullPointerException">
      <![CDATA[java.lang.NullPointerException
at VariousConcepts.CrmTest.init(CrmTest.java:69)
at java.util.ArrayList.forEach(ArrayList.java:1259)
... Removed 31 stack frames]]>
    </failure>
  </testcase> <!-- @BeforeMethod init -->
  <testcase name="addContact" time="0.0" classname="VariousConcepts.CrmTest">
    <skipped/>
  </testcase> <!-- addContact -->
</testsuite> <!-- Default test(failed) -->
